

*******************************************************************************
Thu Dec 24 15:02:59 2020


FIT:    data read from "times.txt" every ::skip_moves_lines::skip_moves_lines+5 using 1:3:($4/$3)
        format = x:z:s
        #datapoints = 6
function used for fitting: pow1n(x)
	pow1n(x) = a1*x**e1
fitted parameters initialized with current variable values

  83 3.2097604685e+04  -1.09e-02  1.86e-03    2.465355e-05   9.613404e-01

After 83 iterations the fit converged.
final sum of squares of residuals : 32097.6
rel. change during last iteration : -1.08843e-09

degrees of freedom    (FIT_NDF)                        : 4
rms of residuals      (FIT_STDFIT) = sqrt(WSSR/ndf)    : 89.579
variance of residuals (reduced chisquare) = WSSR/ndf   : 8024.4
p-value of the Chisq distribution (FIT_P)              : 0

Final set of parameters            Asymptotic Standard Error
=======================            ==========================
a1              = 2.46536e-05      +/- 4.953e-06    (20.09%)
e1              = 0.96134          +/- 0.01247      (1.297%)

correlation matrix of the fit parameters:
                a1     e1     
a1              1.000 
e1             -1.000  1.000 


*******************************************************************************
Thu Dec 24 15:02:59 2020


FIT:    data read from "times.txt" every ::skip_cups_lines using 2:3:($4/$3)
        format = x:z:s
        #datapoints = 6
function used for fitting: pow2n(x)
	pow2n(x) = a2*x**e2
fitted parameters initialized with current variable values

  43 2.3524424888e+08  -9.69e-01  5.80e+01    1.475801e-05   1.064927e+00

After 43 iterations the fit converged.
final sum of squares of residuals : 2.35244e+08
rel. change during last iteration : -9.68687e-08

degrees of freedom    (FIT_NDF)                        : 4
rms of residuals      (FIT_STDFIT) = sqrt(WSSR/ndf)    : 7668.84
variance of residuals (reduced chisquare) = WSSR/ndf   : 5.88111e+07
p-value of the Chisq distribution (FIT_P)              : 0

Final set of parameters            Asymptotic Standard Error
=======================            ==========================
a2              = 1.4758e-05       +/- 0.0008932    (6052%)
e2              = 1.06493          +/- 4.22         (396.2%)

correlation matrix of the fit parameters:
                a2     e2     
a2              1.000 
e2             -1.000  1.000 


*******************************************************************************
Thu Dec 24 15:04:19 2020


FIT:    data read from "times.txt" every ::skip_moves_lines::skip_moves_lines+5 using 1:3:($4/$3)
        format = x:z:s
        #datapoints = 6
function used for fitting: pow1n(x)
	pow1n(x) = a1*x**e1
fitted parameters initialized with current variable values

  83 3.2097604685e+04  -1.09e-02  1.86e-03    2.465355e-05   9.613404e-01

After 83 iterations the fit converged.
final sum of squares of residuals : 32097.6
rel. change during last iteration : -1.08843e-09

degrees of freedom    (FIT_NDF)                        : 4
rms of residuals      (FIT_STDFIT) = sqrt(WSSR/ndf)    : 89.579
variance of residuals (reduced chisquare) = WSSR/ndf   : 8024.4
p-value of the Chisq distribution (FIT_P)              : 0

Final set of parameters            Asymptotic Standard Error
=======================            ==========================
a1              = 2.46536e-05      +/- 4.953e-06    (20.09%)
e1              = 0.96134          +/- 0.01247      (1.297%)

correlation matrix of the fit parameters:
                a1     e1     
a1              1.000 
e1             -1.000  1.000 


*******************************************************************************
Thu Dec 24 15:04:19 2020


FIT:    data read from "times.txt" every ::skip_cups_lines using 2:3:($4/$3)
        format = x:z:s
        #datapoints = 5
function used for fitting: pow2n(x)
	pow2n(x) = a2*x**e2
fitted parameters initialized with current variable values

   9 4.8272503690e+03  -2.05e-03  6.36e+01    1.746580e-05   1.053093e+00

After 9 iterations the fit converged.
final sum of squares of residuals : 4827.25
rel. change during last iteration : -2.05183e-10

degrees of freedom    (FIT_NDF)                        : 3
rms of residuals      (FIT_STDFIT) = sqrt(WSSR/ndf)    : 40.1134
variance of residuals (reduced chisquare) = WSSR/ndf   : 1609.08
p-value of the Chisq distribution (FIT_P)              : 0

Final set of parameters            Asymptotic Standard Error
=======================            ==========================
a2              = 1.74658e-05      +/- 5.515e-06    (31.57%)
e2              = 1.05309          +/- 0.02202      (2.091%)

correlation matrix of the fit parameters:
                a2     e2     
a2              1.000 
e2             -1.000  1.000 
